Base path: C:/Program Files (x86)/Unity/Editor/Data
Pipe name: \\.\pipe\UnityShaderCompiler-4-7780
Cmd: getPlatforms
Cmd: compileSnippet
  api=9 type=0 insize=2154 outsize=2151 kw= ok=1
Cmd: compileSnippet
  api=9 type=0 insize=1788 outsize=1628 kw= ok=1
Cmd: compileSnippet
  api=9 type=0 insize=2219 outsize=2311 kw= ok=1
Cmd: compileSnippet
  api=9 type=0 insize=1852 outsize=1788 kw= ok=1
Cmd: compileSnippet
  api=9 type=0 insize=1097 outsize=1053 kw= ok=1
Cmd: compileSnippet
  api=9 type=1 insize=924 outsize=7 kw= ok=1
Cmd: compileSnippet
  api=9 type=1 insize=1179 outsize=7 kw= ok=1
Cmd: compileSnippet
  api=9 type=1 insize=2137 outsize=7 kw= ok=1
Cmd: compileSnippet
  api=9 type=0 insize=1252 outsize=1108 kw= ok=1
Cmd: compileSnippet
  api=9 type=0 insize=1237 outsize=1132 kw= ok=1
Cmd: compileSnippet
  api=9 type=0 insize=2284 outsize=2499 kw= ok=1
Cmd: compileSnippet
  api=9 type=0 insize=1260 outsize=1456 kw= ok=1
Cmd: compileSnippet
  api=9 type=1 insize=882 outsize=7 kw= ok=1
Cmd: compileSnippet
  api=9 type=1 insize=1099 outsize=7 kw= ok=1
Cmd: compileSnippet
  api=9 type=1 insize=1917 outsize=7 kw= ok=1
Unhandled exception: Readfile from pipe failed. GLE=De pipe is beëindigd.


Quitting shader compiler process
